c:\users\admin\desktop\cefau3-native\autoit3\cef\cefau3.lib
c:\users\admin\desktop\cefau3-native\autoit3\cef\cefau3.exp
c:\users\admin\desktop\cefau3-native\release\vc140.pdb
c:\users\admin\desktop\cefau3-native\release\test.obj
c:\users\admin\desktop\cefau3-native\release\display_handler.obj
c:\users\admin\desktop\cefau3-native\release\frame.obj
c:\users\admin\desktop\cefau3-native\release\render_process_handler.obj
c:\users\admin\desktop\cefau3-native\release\types_win.obj
c:\users\admin\desktop\cefau3-native\release\app.obj
c:\users\admin\desktop\cefau3-native\release\cefau3.obj
c:\users\admin\desktop\cefau3-native\release\string.obj
c:\users\admin\desktop\cefau3-native\release\browser.obj
c:\users\admin\desktop\cefau3-native\release\keyboard_handler.obj
c:\users\admin\desktop\cefau3-native\release\life_span_handler.obj
c:\users\admin\desktop\cefau3-native\release\types.obj
c:\users\admin\desktop\cefau3-native\release\v8.obj
c:\users\admin\desktop\cefau3-native\release\base.obj
c:\users\admin\desktop\cefau3-native\release\client.obj
c:\users\admin\desktop\cefau3-native\release\ptr.obj
c:\users\admin\desktop\cefau3-native\release\values.obj
c:\users\admin\desktop\cefau3-native\release\download_hadler.obj
c:\users\admin\desktop\cefau3-native\release\load_handler.obj
c:\users\admin\desktop\cefau3-native\release\download_item.obj
c:\users\admin\desktop\cefau3-native\release\parser.obj
c:\users\admin\desktop\cefau3-native\autoit3\cef\cefau3.dll
c:\users\admin\desktop\cefau3-native\autoit3\cef\cefau3.ipdb
c:\users\admin\desktop\cefau3-native\autoit3\cef\cefau3.iobj
c:\users\admin\desktop\cefau3-native\autoit3\cef\cefau3.pdb
c:\users\admin\desktop\cefau3-native\release\cefau3.tlog\cefau3.write.1u.tlog
c:\users\admin\desktop\cefau3-native\release\cefau3.tlog\cl.command.1.tlog
c:\users\admin\desktop\cefau3-native\release\cefau3.tlog\cl.read.1.tlog
c:\users\admin\desktop\cefau3-native\release\cefau3.tlog\cl.write.1.tlog
c:\users\admin\desktop\cefau3-native\release\cefau3.tlog\link.command.1.tlog
c:\users\admin\desktop\cefau3-native\release\cefau3.tlog\link.read.1.tlog
c:\users\admin\desktop\cefau3-native\release\cefau3.tlog\link.write.1.tlog
